<?xml version="1.0" encoding="UTF-8"?>
<!-- Generated by org.testng.reporters.JUnitReportReporter -->
<testsuite skipped="0" hostname="DESKTOP-S2ELRE8" name="com.inetbanking.testCases.TC_LoginTest_001" tests="1" failures="0" timestamp="29 Dec 2018 07:05:13 GMT" time="4.866" errors="0">
  <testcase name="LoginTest" time="4.866" classname="com.inetbanking.testCases.TC_LoginTest_001"/>
</testsuite> <!-- com.inetbanking.testCases.TC_LoginTest_001 -->
